<?xml version="1.0" encoding="UTF-8"?>
<!-- Generated by org.testng.reporters.JUnitXMLReporter -->
<testsuite ignored="0" hostname="MGTECHLPT311" failures="2" tests="2" name="ChromeTest" time="3.027" errors="0" timestamp="2023-07-09T23:40:37 IST">
  <testcase classname="io.cucumber.testng.AbstractTestNGCucumberTests" name="runScenario" time="0.25">
    <failure type="java.lang.NullPointerException">
      <![CDATA[java.lang.NullPointerException
at com.DriverFactory.DriverFactory.init_driver(DriverFactory.java:58)
at ApplicationHooks.Hooks.launchBrowser(Hooks.java:41)
]]>
    </failure>
  </testcase> <!-- runScenario -->
  <testcase classname="io.cucumber.testng.AbstractTestNGCucumberTests" name="runScenario" time="0.25">
    <failure type="java.lang.NullPointerException">
      <![CDATA[java.lang.NullPointerException
at com.DriverFactory.DriverFactory.init_driver(DriverFactory.java:58)
at ApplicationHooks.Hooks.launchBrowser(Hooks.java:41)
]]>
    </failure>
  </testcase> <!-- runScenario -->
</testsuite> <!-- ChromeTest -->
